<?xml version="1.0" encoding="UTF-8"?>
<testng-results skipped="0" failed="0" total="1" passed="1">
  <reporter-output>
  </reporter-output>
  <suite name="Suite" duration-ms="128151" started-at="2017-06-07T10:36:26Z" finished-at="2017-06-07T10:38:34Z">
    <groups>
    </groups>
    <test name="Test" duration-ms="128151" started-at="2017-06-07T10:36:26Z" finished-at="2017-06-07T10:38:34Z">
      <class name="com.macfee.sampletest.UserLeadCreationFromSFUsingRecordTypeSalesLead">
        <test-method status="PASS" signature="beforeSuite()[pri:0, instance:com.macfee.sampletest.UserLeadCreationFromSFUsingRecordTypeSalesLead@da1055]" name="beforeSuite" is-config="true" duration-ms="250" started-at="2017-06-07T16:06:26Z" finished-at="2017-06-07T16:06:26Z">
          <reporter-output>
          </reporter-output>
        </test-method> <!-- beforeSuite -->
        <test-method status="PASS" signature="beforeTest()[pri:0, instance:com.macfee.sampletest.UserLeadCreationFromSFUsingRecordTypeSalesLead@da1055]" name="beforeTest" is-config="true" duration-ms="1" started-at="2017-06-07T16:06:26Z" finished-at="2017-06-07T16:06:26Z">
          <reporter-output>
          </reporter-output>
        </test-method> <!-- beforeTest -->
        <test-method status="PASS" signature="setup()[pri:0, instance:com.macfee.sampletest.UserLeadCreationFromSFUsingRecordTypeSalesLead@da1055]" name="setup" is-config="true" duration-ms="56084" started-at="2017-06-07T16:06:26Z" finished-at="2017-06-07T16:07:22Z">
          <reporter-output>
          </reporter-output>
        </test-method> <!-- setup -->
        <test-method status="PASS" signature="test([Ljava.lang.String;)[pri:0, instance:com.macfee.sampletest.UserLeadCreationFromSFUsingRecordTypeSalesLead@da1055]" name="test" duration-ms="69505" started-at="2017-06-07T16:07:23Z" data-provider="LeadCreatorUsingRecordTypeSalesLead" finished-at="2017-06-07T16:08:33Z">
          <params>
            <param index="0">
              <value>
                <![CDATA[[Ljava.lang.String;@15f4da5]]>
              </value>
            </param>
          </params>
          <reporter-output>
          </reporter-output>
        </test-method> <!-- test -->
        <test-method status="PASS" signature="colno()[pri:0, instance:com.macfee.sampletest.UserLeadCreationFromSFUsingRecordTypeSalesLead@da1055]" name="colno" is-config="true" duration-ms="1" started-at="2017-06-07T16:08:33Z" finished-at="2017-06-07T16:08:33Z">
          <reporter-output>
          </reporter-output>
        </test-method> <!-- colno -->
        <test-method status="PASS" signature="afterMethod(org.testng.ITestResult)[pri:0, instance:com.macfee.sampletest.UserLeadCreationFromSFUsingRecordTypeSalesLead@da1055]" name="afterMethod" is-config="true" duration-ms="1" started-at="2017-06-07T16:08:33Z" finished-at="2017-06-07T16:08:33Z">
          <params>
            <param index="0">
              <value>
                <![CDATA[[TestResult name=test status=SUCCESS method=UserLeadCreationFromSFUsingRecordTypeSalesLead.test([Ljava.lang.String;)[pri:0, instance:com.macfee.sampletest.UserLeadCreationFromSFUsingRecordTypeSalesLead@da1055] output={null}]]]>
              </value>
            </param>
          </params>
          <reporter-output>
          </reporter-output>
        </test-method> <!-- afterMethod -->
        <test-method status="PASS" signature="teardown()[pri:0, instance:com.macfee.sampletest.UserLeadCreationFromSFUsingRecordTypeSalesLead@da1055]" name="teardown" is-config="true" duration-ms="1801" started-at="2017-06-07T16:08:33Z" finished-at="2017-06-07T16:08:34Z">
          <reporter-output>
          </reporter-output>
        </test-method> <!-- teardown -->
        <test-method status="PASS" signature="afterSuite()[pri:0, instance:com.macfee.sampletest.UserLeadCreationFromSFUsingRecordTypeSalesLead@da1055]" name="afterSuite" is-config="true" duration-ms="61" started-at="2017-06-07T16:08:34Z" finished-at="2017-06-07T16:08:34Z">
          <reporter-output>
          </reporter-output>
        </test-method> <!-- afterSuite -->
      </class> <!-- com.macfee.sampletest.UserLeadCreationFromSFUsingRecordTypeSalesLead -->
    </test> <!-- Test -->
  </suite> <!-- Suite -->
</testng-results>
