<?xml version="1.0" encoding="UTF-8"?>
<testng-results skipped="0" failed="0" ignored="0" total="1" passed="1">
  <reporter-output>
  </reporter-output>
  <suite name="Default suite" duration-ms="76316" started-at="2017-06-08T10:00:54Z" finished-at="2017-06-08T10:02:11Z">
    <groups>
    </groups>
    <test name="Default test" duration-ms="76316" started-at="2017-06-08T10:00:54Z" finished-at="2017-06-08T10:02:11Z">
      <class name="com.macfee.sampletest.UserOptyCreationSalesAddPartner">
        <test-method status="PASS" signature="beforeSuite()[pri:0, instance:com.macfee.sampletest.UserOptyCreationSalesAddPartner@45f292]" name="beforeSuite" is-config="true" duration-ms="296" started-at="2017-06-08T15:30:54Z" finished-at="2017-06-08T15:30:54Z">
          <reporter-output>
          </reporter-output>
        </test-method> <!-- beforeSuite -->
        <test-method status="PASS" signature="beforeTest()[pri:0, instance:com.macfee.sampletest.UserOptyCreationSalesAddPartner@45f292]" name="beforeTest" is-config="true" duration-ms="4" started-at="2017-06-08T15:30:54Z" finished-at="2017-06-08T15:30:54Z">
          <reporter-output>
          </reporter-output>
        </test-method> <!-- beforeTest -->
        <test-method status="PASS" signature="setup()[pri:0, instance:com.macfee.sampletest.UserOptyCreationSalesAddPartner@45f292]" name="setup" is-config="true" duration-ms="51898" started-at="2017-06-08T15:30:54Z" finished-at="2017-06-08T15:31:46Z">
          <reporter-output>
          </reporter-output>
        </test-method> <!-- setup -->
        <test-method status="PASS" signature="User_Opportunities_Creation_From_Sales_Add_Partner([Ljava.lang.String;)[pri:0, instance:com.macfee.sampletest.UserOptyCreationSalesAddPartner@45f292]" name="User_Opportunities_Creation_From_Sales_Add_Partner" duration-ms="21862" started-at="2017-06-08T15:31:47Z" data-provider="OpportunityCreatorAddPartner" finished-at="2017-06-08T15:32:09Z">
          <params>
            <param index="0">
              <value>
                <![CDATA[[Ljava.lang.String;@e7b3d2]]>
              </value>
            </param>
          </params>
          <reporter-output>
          </reporter-output>
        </test-method> <!-- User_Opportunities_Creation_From_Sales_Add_Partner -->
        <test-method status="PASS" signature="colno()[pri:0, instance:com.macfee.sampletest.UserOptyCreationSalesAddPartner@45f292]" name="colno" is-config="true" duration-ms="0" started-at="2017-06-08T15:32:09Z" finished-at="2017-06-08T15:32:09Z">
          <reporter-output>
          </reporter-output>
        </test-method> <!-- colno -->
        <test-method status="PASS" signature="teardown()[pri:0, instance:com.macfee.sampletest.UserOptyCreationSalesAddPartner@45f292]" name="teardown" is-config="true" duration-ms="1631" started-at="2017-06-08T15:32:09Z" finished-at="2017-06-08T15:32:11Z">
          <reporter-output>
          </reporter-output>
        </test-method> <!-- teardown -->
        <test-method status="PASS" signature="afterMethod(org.testng.ITestResult)[pri:0, instance:com.macfee.sampletest.UserOptyCreationSalesAddPartner@45f292]" name="afterMethod" is-config="true" duration-ms="0" started-at="2017-06-08T15:32:09Z" finished-at="2017-06-08T15:32:09Z">
          <params>
            <param index="0">
              <value>
                <![CDATA[[TestResult name=User_Opportunities_Creation_From_Sales_Add_Partner status=SUCCESS method=UserOptyCreationSalesAddPartner.User_Opportunities_Creation_From_Sales_Add_Partner([Ljava.lang.String;)[pri:0, instance:com.macfee.sampletest.UserOptyCreationSalesAddPartner@45f292] output={null}]]]>
              </value>
            </param>
          </params>
          <reporter-output>
          </reporter-output>
        </test-method> <!-- afterMethod -->
        <test-method status="PASS" signature="afterSuite()[pri:0, instance:com.macfee.sampletest.UserOptyCreationSalesAddPartner@45f292]" name="afterSuite" is-config="true" duration-ms="5805" started-at="2017-06-08T15:32:11Z" finished-at="2017-06-08T15:32:16Z">
          <reporter-output>
          </reporter-output>
        </test-method> <!-- afterSuite -->
      </class> <!-- com.macfee.sampletest.UserOptyCreationSalesAddPartner -->
    </test> <!-- Default test -->
  </suite> <!-- Default suite -->
</testng-results>
